COST_FUNCTION:      MEAN_COST_FUNCTION:
20122.4808726            25848.7168654
20694.2142463            25700.2538774
18823.1797555            25666.5981910
19192.0387039            25821.9098754
20384.2582043            25931.1266850
20122.4808726            25843.0441418
18811.6864694            25828.2473017
20694.2142463            25778.9527288
18811.6864694            25765.5247006
18823.1797555            25610.2304789
19192.0387039            25589.3162361
 4969.7823242             5497.6490234
 5023.1476505             5499.6727324
 5036.0150109             5485.2300872
 5203.8852285             5646.5436701
 4969.7823242             5408.1675728
 5023.1476505             5571.3053821
 5088.0778585             5742.5301752
 5189.2588022             5771.7910648
 5055.7381138             5532.3003412
 5055.7381138             5529.7108855
 5036.0150109             5671.9783250
 4823.7899279             5283.3236974
 4823.7899279             5387.9035385
 4835.5839489             5275.9438761
 4795.9657824             5445.7203828
 4795.9657824             5300.3409647
 4855.7190844             5427.1751361
 4899.0724645             5392.1988859
 4931.7036430             5379.1091794
 4855.7190844             5292.4958275
 4860.0847907             5370.7905239
 4890.0425188             5376.8197763
 4776.9579305             5295.7921488
 4815.3395447             5311.2939194
 4781.5931611             5305.1357027
 4777.1089377             5416.0704882
 4781.5931611             5220.3876483
 4824.9172783             5296.6222743
 4826.0632670             5388.7555886
 4777.1089377             5374.0633550
 4812.9092591             5290.8257196
 4776.9579305             5335.0595825
 4837.9726317             5332.3277564
 4705.2658358             5220.6310078
 4769.0978354             5209.6079919
 4741.8415698             5185.4141994
 4769.3436187             5222.4399000
 4771.4145380             5220.2647302
 4705.2658358             5208.4026328
 4777.1089377             5322.9414556
 4771.4145380             5216.3604654
 4741.8415698             5305.0921069
 4774.4727905             5237.5523119
 4758.4242064             5166.8003978
 4705.2658358             5175.5782801
 4745.5712266             5256.9188537
 4705.2658358             5163.4277828
 4712.7713566             5235.6037619
 4766.9303146             5207.8992423
 4705.2658358             5051.6462370
 4705.2658358             5198.8832758
 4758.4242064             5297.4191082
 4712.7713566             5242.1325577
 4745.5712266             5258.7727302
 4741.8415698             5182.6721903
 4662.2329671             5223.1147476
 4716.8679939             5179.5023367
 4705.2658358             5124.7757272
 4705.2658358             5284.8118070
 4705.2658358             5186.9470984
 4705.2658358             5149.0545385
 4705.2658358             5199.1473829
 4741.8415698             5286.2653067
 4741.8415698             5299.1549729
 4741.6271971             5212.2215389
 4662.2329671             5249.4729642
 4662.5803560             5316.4781452
 4712.5998589             5162.8129323
 4705.2658358             5153.1618245
 4705.2658358             5201.4912793
 4705.2658358             5126.2914548
 4662.5803560             5207.3804606
 4705.2658358             5149.1795408
 4705.2658358             5177.2896698
 4681.0252011             5207.7681617
 4705.2658358             5182.1051466
 4681.0252011             5238.0525725
 4662.5803560             5145.6095021
 4662.5803560             5285.2814611
 4678.2527726             5214.7587746
 4705.2658358             5164.2761941
 4705.2658358             5212.8447776
 4659.4605386             5182.3222534
 4705.2658358             5108.8427073
 4705.2658358             5190.0326660
 4662.5803560             5251.0772318
 4659.4605386             5169.4306239
 4665.3527845             5235.1339148
 4662.5803560             5229.4885061
 4662.5803560             5186.4569986
 4659.4605386             5171.2159757
 4659.4605386             5188.3798386
 4664.2275737             5098.2603234
 4662.5803560             5240.6365814
 4662.5803560             5164.3377368
 4664.2275737             5186.5879299
 4662.5803560             5187.3047169
 4662.5803560             5208.8467583
 4665.3527845             5106.1072410
 4662.5803560             5155.5682849
 4662.5803560             5149.0776683
 4659.4605386             5053.2719971
 4659.4605386             5124.5803145
 4664.2275737             5078.1415967
 4662.5803560             5131.2372486
 4659.4605386             5096.0441304
 4659.4605386             5030.5264637
 4659.4605386             5040.3708390
 4662.5803560             5093.7469509
 4659.4605386             5141.8071029
 4659.4605386             5131.9003442
 4659.4605386             5121.0054678
 4659.4605386             5136.9732597
 4659.4605386             5062.1730837
 4659.4605386             5193.5803052
 4662.5803560             5094.5540151
 4659.4605386             5190.6913747
 4659.4605386             5072.1304849
 4659.4605386             5060.2575928
 4662.5803560             5072.6581538
 4659.4605386             5139.3935635
 4659.4605386             5043.5097746
 4659.4605386             5068.2073706
 4659.4605386             5077.8673738
 4659.4605386             5130.5975782
 4659.4605386             5101.4206087
 4659.4605386             5155.8466452
 4659.4605386             5122.9720281
 4659.4605386             5116.5319175
 4659.4605386             5167.7894242
 4659.4605386             5155.0401519
 4659.4605386             5038.8152460
 4659.4605386             5102.4604655
 4659.4605386             5138.1352414
 4659.4605386             5140.7043277
 4659.4605386             5087.4764349
 4659.4605386             5079.5192134
 4659.4605386             5092.9008702
 4659.4605386             5121.1194830
 4659.4605386             5105.8443110
 4659.4605386             5223.4617731
 4659.4605386             5085.1759299
 4659.4605386             5102.0858968
 4659.4605386             5070.5742730
 4659.4605386             5083.8567093
 4659.4605386             5012.2869954
 4659.4605386             5121.3446829
 4659.4605386             5101.4267232
 4659.4605386             5147.8967423
 4659.4605386             5227.3694873
 4659.4605386             5070.5889150
 4659.4605386             5075.7122761
 4659.4605386             5075.0621778
 4659.4605386             5055.1040561
 4659.4605386             5117.5537885
 4659.4605386             5082.9644538
 4659.4605386             5045.5032556
 4659.4605386             5098.5202523
 4659.4605386             5064.5560520
 4659.4605386             5122.3553689
 4659.4605386             5124.2011229
 4659.4605386             5108.2160073
 4659.4605386             5164.4650594
 4659.4605386             5019.0706584
 4659.4605386             5022.0791573
 4659.4605386             5133.1633172
 4659.4605386             5094.3434596
 4659.4605386             5105.4676120
 4659.4605386             5120.6253279
 4659.4605386             5123.2073944
 4659.4605386             5024.5241585
 4659.4605386             5114.2938881
 4659.4605386             5055.5108830
 4659.4605386             5100.1288031
 4659.4605386             5025.2956586
 4659.4605386             5145.1443461
 4659.4605386             5088.0974611
 4659.4605386             5228.0344251
 4659.4605386             5164.2392425
 4659.4605386             5101.4350460
 4659.4605386             5133.2542435
 4659.4605386             4960.9512734
 4659.4605386             5130.5036394
 4659.4605386             5095.3561053
 4659.4605386             5087.6478525
 4659.4605386             5183.7449546
 4659.4605386             5036.5743855
 4659.4605386             5119.8696900
 4659.4605386             5118.1735097
 4659.4605386             5122.4630446
 4659.4605386             5145.6086722
 4659.4605386             5127.6842039
 4659.4605386             5128.7724148
 4659.4605386             5140.4379356
 4659.4605386             5145.8043069
 4659.4605386             5110.4920952
 4659.4605386             5181.5071967
 4659.4605386             5095.9704990
 4659.4605386             5098.6640148
 4659.4605386             5080.1859715
 4659.4605386             5106.4034165
 4659.4605386             5036.0288328
 4659.4605386             5093.2068018
 4659.4605386             5101.4422226
 4659.4605386             5067.8391486
 4659.4605386             5077.4890938
 4659.4605386             5166.5003382
 4659.4605386             5084.6368235
 4659.4605386             5086.1256181
 4659.4605386             5080.1910121
 4659.4605386             5017.4688696
 4659.4605386             5088.5776986
 4659.4605386             5027.5745967
 4659.4605386             5051.3471542
 4659.4605386             5214.7354467
 4659.4605386             5127.3903100
 4659.4605386             5060.4683111
 4659.4605386             5161.5068754
 4659.4605386             5116.7481818
 4659.4605386             5126.8448816
 4659.4605386             5083.3361574
 4659.4605386             5179.8923586
 4659.4605386             5020.0328485
 4659.4605386             5048.2669678
 4659.4605386             5213.5519184
 4659.4605386             5085.9020073
 4659.4605386             5114.1972942
 4659.4605386             5150.7699142
 4659.4605386             5017.5042768
 4659.4605386             5096.1023003
 4659.4605386             5117.2348049
 4659.4605386             5045.8391512
 4659.4605386             5110.7784126
 4659.4605386             5193.3451038
 4659.4605386             5176.8429574
 4659.4605386             5089.7217808
 4659.4605386             5025.1250567
 4659.4605386             5107.3107416
 4659.4605386             5145.2370667
 4659.4605386             5182.6292076
 4659.4605386             5096.2572820
 4659.4605386             5133.7261449
 4659.4605386             5106.7968712
 4659.4605386             5026.8942168
 4659.4605386             5002.0737378
 4659.4605386             5113.4357139
 4659.4605386             5108.2915540
 4659.4605386             5161.4996428
 4659.4605386             5140.2431697
 4659.4605386             5081.7059744
 4659.4605386             5167.0951381
 4659.4605386             5073.5118199
 4659.4605386             5055.6104041
 4659.4605386             5057.3424926
 4659.4605386             5103.9158625
 4659.4605386             5125.6393102
 4659.4605386             5115.3096887
 4659.4605386             5093.6340084
 4659.4605386             5032.2843312
 4659.4605386             5095.1721369
 4659.4605386             5028.0106159
 4659.4605386             5067.6516648
 4659.4605386             5129.7758760
 4659.4605386             5101.6503626
 4659.4605386             5037.6035542
 4659.4605386             5201.2448517
 4659.4605386             5110.3077552
 4659.4605386             5111.1841557
 4659.4605386             5069.9377569
 4659.4605386             5072.0704818
 4659.4605386             5109.4637793
 4659.4605386             5094.5355666
 4659.4605386             5192.3175190
 4659.4605386             5104.3722572
 4659.4605386             5048.7001989
 4659.4605386             5043.4929759
 4659.4605386             5150.5839988
 4659.4605386             5114.8737534
 4659.4605386             5082.0441677
 4659.4605386             4987.5137444
 4659.4605386             5097.6978222
 4659.4605386             5144.1929769
 4659.4605386             5114.0872669
 4659.4605386             5096.3351232
 4659.4605386             5171.6104481
 4659.4605386             5106.4319786
 4659.4605386             5079.2442655
 4659.4605386             5118.4336522
 4659.4605386             5132.4338107
 4659.4605386             5070.0540673
 4659.4605386             5112.3134355
 4659.4605386             5165.6118795
 4659.4605386             5023.5425755
 4659.4605386             5050.1105077
 4659.4605386             5105.8640038
 4659.4605386             5101.3083856
 4659.4605386             5039.7830155
 4659.4605386             5076.7091477
 4659.4605386             4996.0033873
 4651.7503508             5015.5468868
 4659.4605386             5009.2128724
 4651.7503508             5064.6467136
 4659.4605386             5109.1959313
 4659.4605386             5023.7328577
 4659.4605386             5092.3275959
 4659.4605386             5062.0961854
 4659.4605386             5118.2011165
 4659.4605386             5176.8427757
 4659.4605386             5071.5923262
 4659.4605386             5124.9415563
 4659.4605386             5127.3780312
 4659.4605386             5130.6285557
 4659.4605386             5101.0709618
 4659.4605386             5227.8688269
 4659.4605386             5074.1493626
 4659.4605386             5133.5497452
 4659.4605386             5209.6545723
 4659.4605386             5174.8897198
 4659.4605386             5128.3741195
 4659.4605386             5037.6244454
 4659.4605386             5064.4282703
 4659.4605386             5085.2600317
 4659.4605386             5136.4149302
 4659.4605386             5052.6784729
 4659.4605386             5040.0817797
 4659.4605386             5018.8306749
 4659.4605386             5026.5551166
 4659.4605386             5096.7732665
 4659.4605386             5087.2442185
 4659.4605386             5030.4188846
 4655.3577339             5155.5043525
 4659.4605386             5067.5324807
 4659.4605386             5129.8873108
 4659.4605386             5192.4517504
 4659.4605386             5081.8709590
 4659.4605386             5282.3360759
 4659.4605386             5099.6016917
 4659.4605386             5162.0223992
 4659.4605386             5055.9572651
 4659.4605386             5192.4239903
 4655.3577339             5222.5439976
 4659.4605386             5083.0739857
 4659.4605386             5112.7405489
 4659.4605386             5183.1206998
 4659.4605386             5071.2645139
 4659.4605386             5210.6580328
 4659.4605386             5161.2503717
 4659.4605386             5177.5898974
 4659.4605386             5111.2349508
 4659.4605386             5017.2561952
 4659.4605386             5075.4616519
 4659.4605386             5223.0937439
 4659.4605386             5081.0263411
 4659.4605386             5200.4008754
 4659.4605386             5144.0670430
 4655.3577339             5184.7992473
 4659.4605386             5089.7548456
 4659.4605386             5075.7780127
 4659.4605386             5049.6984002
 4659.4605386             5146.5364550
 4655.3577339             5240.0921575
 4659.4605386             5057.1818659
 4659.4605386             5048.2815319
 4659.4605386             5151.3483556
 4659.4605386             5063.5026343
 4659.4605386             5138.6210367
 4659.4605386             5098.3597629
 4659.4605386             5040.7314865
 4659.4605386             5175.6551105
 4659.4605386             5124.3482586
 4659.4605386             5073.9771570
 4659.4605386             5214.8033860
 4659.4605386             5156.7436822
 4659.4605386             5050.8361946
 4659.4605386             5067.4630972
 4659.4605386             5114.7119585
 4659.4605386             5027.5155551
 4659.4605386             5118.8294026
 4659.4605386             5154.5055617
 4659.4605386             5120.9409882
 4659.4605386             5078.3656074
 4659.4605386             5143.2280978
 4659.4605386             5170.2466904
 4659.4605386             5205.1463992
 4659.4605386             5134.2157349
 4659.4605386             5093.7322648
 4659.4605386             5120.6914312
 4659.4605386             5141.2567147
 4659.4605386             5057.0327164
 4659.4605386             5218.4918525
 4659.4605386             5059.2240380
 4659.4605386             5057.4002047
 4659.4605386             5151.4941990
 4659.4605386             5079.1622229
 4659.4605386             5066.8821977
 4659.4605386             5047.6814128
 4659.4605386             5156.6176413
 4659.4605386             5179.1536492
 4659.4605386             5121.7034047
 4659.4605386             5121.7574424
 4659.4605386             5027.6174937
 4659.4605386             5051.8026443
 4659.4605386             5065.2908730
 4659.4605386             5113.4167957
 4659.4605386             5124.5361554
 4659.4605386             5012.2451682
 4659.4605386             5085.3095578
 4659.4605386             5060.5353573
 4659.4605386             5088.1982862
 4659.4605386             5069.5994831
 4659.4605386             5044.8058411
 4659.4605386             5176.9238479
 4659.4605386             5119.7447998
 4659.4605386             5129.2775763
 4659.4605386             5021.5046308
 4659.4605386             5119.5639090
 4659.4605386             5100.5278909
 4659.4605386             5067.8939592
 4659.4605386             5008.8344370
 4659.4605386             5084.3004426
 4659.4605386             5160.2893395
 4659.4605386             5060.4106356
 4659.4605386             5051.4659692
 4659.4605386             5081.4045808
 4659.4605386             5100.6405016
 4659.4605386             5021.3900853
 4659.4605386             5141.5721907
 4659.4605386             5040.6844721
 4659.4605386             5091.6002037
 4659.4605386             5126.0557880
 4659.4605386             5137.0459814
 4659.4605386             5147.0446718
 4659.4605386             5122.7342453
 4659.4605386             5065.8262706
 4659.4605386             5058.1960422
 4659.4605386             5068.5123657
 4659.4605386             5003.3420844
 4659.4605386             5138.1104358
 4659.4605386             5055.5347420
 4659.4605386             5180.1881986
 4659.4605386             5138.7105313
 4659.4605386             5165.1502088
 4659.4605386             5136.5824858
 4659.4605386             5043.7132882
 4659.4605386             5097.7957329
 4659.4605386             5080.9961493
 4659.4605386             5157.7758061
 4659.4605386             5125.6598372
 4659.4605386             5115.1095674
 4659.4605386             5120.8379128
 4659.4605386             5163.7838169
 4659.4605386             4987.0325497
 4659.4605386             5003.2524845
 4659.4605386             5128.2469128
 4659.4605386             5176.0941858
 4659.4605386             5187.4528973
 4659.4605386             5191.3974061
 4659.4605386             5166.5208639
 4659.4605386             5098.7316386
 4659.4605386             5131.2223116
 4659.4605386             5109.0132055
 4659.4605386             5159.5737144
 4659.4605386             5084.8842177
 4659.4605386             5127.1251327
 4659.4605386             5135.8984769
 4659.4605386             5097.4359042
 4659.4605386             5114.5412760
 4659.4605386             5216.7303571
 4659.4605386             5074.0876283
 4659.4605386             5032.1810396
 4659.4605386             5071.0760054
 4659.4605386             5201.9083975
 4659.4605386             5195.2299405
 4659.4605386             5140.9598879
 4659.4605386             5074.8425310
 4659.4605386             5137.2741287
 4659.4605386             5125.1764801
 4659.4605386             5163.2967801
 4659.4605386             5081.9792412
 4659.4605386             5047.3300894
 4659.4605386             5102.9290160
 4659.4605386             5152.0953455
 4659.4605386             5066.4086554
 4659.4605386             5006.1429922
 4659.4605386             5199.1176923
 4659.4605386             5127.5766522
 4659.4605386             5170.1381249
 4659.4605386             5059.9016617
 4659.4605386             5082.7063197
 4659.4605386             5156.1927073
 4659.4605386             5029.2446522
 4659.4605386             5083.5267722
 4659.4605386             5128.8272319
 4659.4605386             5153.8070861
 4659.4605386             5070.0328979
 4659.4605386             5060.9763840
 4659.4605386             5063.9365904
 4659.4605386             5091.3660711
 4659.4605386             5096.5870064
 4659.4605386             5049.8119682
 4659.4605386             5118.9395451
 4659.4605386             4996.2873847
 4659.4605386             5116.3275004
 4659.4605386             5121.2991423
 4659.4605386             5078.2234729
 4659.4605386             5141.7159915
 4659.4605386             5099.8243037
 4659.4605386             5147.5962891
 4659.4605386             5082.8847826
 4659.4605386             5111.8034451
 4659.4605386             5147.8587239
 4659.4605386             5084.6238906
 4659.4605386             5115.6665979
 4659.4605386             5128.5845457
 4659.4605386             5156.0421538
 4659.4605386             5052.7575658
 4659.4605386             5122.4491413
 4659.4605386             5198.7003343
 4659.4605386             5032.0447403
 4659.4605386             5046.6721205
 4659.4605386             5213.9271627
 4659.4605386             5191.7064228
 4659.4605386             5245.7346896
 4659.4605386             5190.9852320
 4659.4605386             5097.0223161
 4659.4605386             5151.6456113
 4659.4605386             5209.0958126
 4659.4605386             5132.7036465
 4659.4605386             5098.8025005
 4659.4605386             5102.5217124
 4659.4605386             5078.9119791
 4659.4605386             5070.6696787
 4659.4605386             5139.8849186
 4659.4605386             5105.5644225
 4659.4605386             5053.5289996
 4659.4605386             5135.9146864
 4659.4605386             5125.1132440
 4659.4605386             5100.6349393
 4659.4605386             5275.5515840
 4659.4605386             5086.2522964
 4659.4605386             5071.6514106
 4659.4605386             5109.1563252
 4659.4605386             4966.7051838
 4659.4605386             5133.9521930
 4659.4605386             5105.0431903
 4659.4605386             5082.1743919
 4659.4605386             5127.3400783
 4659.4605386             5081.9057915
 4659.4605386             5116.7345674
 4659.4605386             5072.1705021
 4659.4605386             5128.4968086
 4659.4605386             5114.2869633
 4659.4605386             5158.9628712
 4659.4605386             5091.7561075
 4659.4605386             5081.5708461
 4659.4605386             5201.6652610
 4659.4605386             5215.0326937
 4659.4605386             5069.2328319
 4659.4605386             5175.2446234
 4659.4605386             5121.4155793
 4659.4605386             5133.3805420
 4659.4605386             5090.2656796
 4659.4605386             5192.5357967
 4659.4605386             5145.3295976
 4659.4605386             5030.6732466
 4659.4605386             5163.1716125
 4659.4605386             5122.4457835
 4659.4605386             5119.7772114
 4659.4605386             5054.0208337
 4659.4605386             5224.3684322
 4659.4605386             5101.5317463
 4659.4605386             5110.5602202
 4659.4605386             5057.9584129
 4659.4605386             5053.5818004
 4659.4605386             5107.0531121
 4659.4605386             5127.1743136
 4659.4605386             5188.7594346
 4659.4605386             5000.0705605
 4659.4605386             5162.7842334
 4659.4605386             5083.0417276
 4659.4605386             5035.3882511
 4659.4605386             5183.5831401
 4659.4605386             5060.1662532
 4659.4605386             5074.2262176
 4659.4605386             5143.6520898
 4659.4605386             5090.6743235
 4659.4605386             5051.5211735
 4659.4605386             5045.3418069
 4659.4605386             5183.5624149
 4659.4605386             5189.2121917
 4659.4605386             5154.4157338
 4659.4605386             5060.9729079
 4659.4605386             5167.0967441
 4659.4605386             5060.6957048
 4659.4605386             5193.9128310
 4659.4605386             5103.3821656
 4659.4605386             5064.7961936
 4659.4605386             5143.6048213
 4659.4605386             5096.5182257
 4659.4605386             5132.5020060
 4659.4605386             5040.0312608
 4659.4605386             5149.6546510
 4659.4605386             5149.3711371
 4659.4605386             5026.7041322
 4659.4605386             5164.5771048
 4659.4605386             5186.9493805
 4659.4605386             5056.7493946
 4659.4605386             5126.2176085
 4659.4605386             5057.2260144
 4659.4605386             5092.8845353
 4659.4605386             5234.7652598
 4659.4605386             5200.5069096
 4659.4605386             5052.3170433
 4659.4605386             5130.3053829
 4659.4605386             5101.9201595
 4659.4605386             5126.8436678
 4659.4605386             5071.9049979
 4659.4605386             5105.7172112
 4659.4605386             5046.8030269
 4659.4605386             5120.0776862
 4659.4605386             5160.4762816
 4659.4605386             5100.4854456
 4659.4605386             5062.0616399
 4659.4605386             5112.4814690
 4659.4605386             5063.0604648
 4659.4605386             5177.1362732
 4659.4605386             5077.1089643
 4659.4605386             5173.7493181
 4659.4605386             5085.4267202
 4659.4605386             5211.3455356
 4659.4605386             5087.8133695
 4659.4605386             5041.4109945
 4659.4605386             5119.3428338
 4659.4605386             5102.0376390
 4659.4605386             5062.6177718
 4659.4605386             5067.1371545
 4659.4605386             5113.3069965
 4659.4605386             5086.1364919
 4659.4605386             5212.4349541
 4659.4605386             5078.7279190
 4659.4605386             5114.4293671
 4659.4605386             5110.4524378
 4659.4605386             5190.0233547
 4659.4605386             5095.5497718
 4659.4605386             5130.9361516
 4659.4605386             5171.3895364
 4659.4605386             5097.9811093
 4659.4605386             5198.1918275
 4659.4605386             5103.7676529
 4659.4605386             5112.5279010
 4659.4605386             5086.6896112
 4659.4605386             5064.5257697
 4659.4605386             5049.0783771
 4659.4605386             5059.0929053
 4659.4605386             5097.8517092
 4659.4605386             5113.3471871
 4659.4605386             5184.7140098
 4655.3577339             5010.2265519
 4659.4605386             5155.6688663
 4655.3577339             5040.2221231
 4659.4605386             5050.5123861
 4655.3577339             5082.7566640
 4659.4605386             5009.2441564
 4659.4605386             5145.6948707
 4655.3577339             5012.8737069
 4659.4605386             5189.8124941
 4659.4605386             5107.2758768
 4659.4605386             5135.6838966
 4655.3577339             4998.7667672
 4659.4605386             5116.1638365
 4655.3577339             5061.2208641
 4655.3577339             5192.8363301
 4655.3577339             5042.5929656
 4659.4605386             5057.4185360
 4659.4605386             5187.9092800
 4655.3577339             5151.9263758
 4659.4605386             5196.9275260
 4659.4605386             5051.5570012
 4655.3577339             5258.3276760
 4655.3577339             5105.8007840
 4659.4605386             5066.7852433
 4655.3577339             5064.3445734
 4655.3577339             5087.2883295
 4655.3577339             5101.2645255
 4655.3577339             5085.5026657
 4655.3577339             5117.9260356
 4655.3577339             5146.3542590
 4659.4605386             5082.7635597
 4655.3577339             5099.2036300
 4655.3577339             5117.8708433
 4655.3577339             5077.2282727
 4655.3577339             5070.8467531
 4655.3577339             5090.2610075
 4655.3577339             5079.7261075
 4655.3577339             5169.2748865
 4655.3577339             5110.8773012
 4655.3577339             5158.1594170
 4655.3577339             5122.3646492
 4655.3577339             5145.5718347
 4655.3577339             5121.7818365
 4655.3577339             5048.7690956
 4655.3577339             5083.0382122
 4655.3577339             5120.3056869
 4655.3577339             5132.3985562
 4655.3577339             5053.5751673
 4655.3577339             5073.1961077
 4655.3577339             5218.9623986
 4655.3577339             5023.5248808
 4655.3577339             5094.4829244
 4655.3577339             5124.1080163
 4655.3577339             5064.3900286
 4655.3577339             5160.6946378
 4655.3577339             5100.7157912
 4655.3577339             5112.7391096
 4655.3577339             5074.4680268
 4655.3577339             5177.8389347
 4655.3577339             5083.1266161
 4655.3577339             5015.1967864
 4655.3577339             5094.8754937
 4655.3577339             5112.9230025
 4655.3577339             5048.7257867
 4655.3577339             5195.3021070
 4655.3577339             5120.2252261
 4655.3577339             5066.8719141
 4655.3577339             5066.0365694
 4655.3577339             5137.8680335
 4655.3577339             5017.9984001
 4655.3577339             5170.1906515
 4655.3577339             5039.5780164
 4655.3577339             5092.4286291
 4655.3577339             5158.8235569
 4655.3577339             5075.0450203
 4655.3577339             5121.6447333
 4655.3577339             5081.1967671
 4655.3577339             5173.6418879
 4655.3577339             5090.2217664
 4655.3577339             5148.5165536
 4655.3577339             5201.1429893
 4655.3577339             5058.6040176
 4655.3577339             5184.7853207
 4655.3577339             5022.3867554
 4655.3577339             5091.2232955
 4655.3577339             5125.4776194
 4655.3577339             5085.5062114
 4655.3577339             5054.4934896
 4655.3577339             5135.9501754
 4655.3577339             5113.8214141
 4655.3577339             5083.4988585
 4655.3577339             5038.4951536
 4655.3577339             5143.0724564
 4655.3577339             5087.9307770
 4655.3577339             5130.4874060
 4655.3577339             5076.4988696
 4655.3577339             5107.5852176
 4655.3577339             5109.3391704
 4655.3577339             5126.8670019
 4655.3577339             5046.0566350
 4655.3577339             5055.1355388
 4655.3577339             5143.4825420
 4655.3577339             5141.3688010
 4655.3577339             5124.1613436
 4655.3577339             5067.3543492
 4655.3577339             5160.8740841
 4655.3577339             5105.6527165
 4655.3577339             5080.8705963
 4655.3577339             5109.4868015
 4655.3577339             5171.0514025
 4655.3577339             5124.5139096
 4655.3577339             5079.2858764
 4655.3577339             5132.4147794
 4655.3577339             5176.9841968
 4655.3577339             5142.7909372
 4655.3577339             5155.2255424
 4655.3577339             5043.3064880
 4655.3577339             5154.3876608
 4655.3577339             5078.5620446
 4655.3577339             5178.6294903
 4655.3577339             5122.4846203
 4655.3577339             5099.5042101
 4655.3577339             5102.6341511
 4655.3577339             5046.4480572
 4655.3577339             5031.9604622
 4655.3577339             5039.2889618
 4655.3577339             5107.8735553
 4655.3577339             5152.0574538
 4655.3577339             5152.4810338
 4655.3577339             5172.0233338
 4655.3577339             5063.1891702
 4655.3577339             5050.6122688
 4655.3577339             5133.4044082
 4655.3577339             5190.8228342
 4655.3577339             5075.9469120
 4655.3577339             5068.5387142
 4655.3577339             5177.8339600
 4655.3577339             5147.8215661
 4655.3577339             5054.7945513
 4655.3577339             5104.4437777
 4655.3577339             5093.2540015
 4655.3577339             5123.2850424
 4655.3577339             5158.6082270
 4655.3577339             5057.6601792
 4655.3577339             5064.2465939
 4655.3577339             5093.7419182
 4655.3577339             5064.0012361
 4655.3577339             5056.5174158
 4655.3577339             5045.7595484
 4655.3577339             5001.7664489
 4655.3577339             5285.0428203
 4655.3577339             5193.5207990
 4655.3577339             5279.8440484
 4655.3577339             5089.6761330
 4655.3577339             5069.9102092
 4655.3577339             5081.1014494
 4655.3577339             5094.0002350
 4655.3577339             5066.2788205
 4655.3577339             5048.9433043
 4655.3577339             5111.3825441
 4655.3577339             5097.2366843
 4655.3577339             5151.0424022
 4655.3577339             5185.9200769
 4655.3577339             5085.5097060
 4655.3577339             5071.6524940
 4655.3577339             5076.7913134
 4655.3577339             5074.0623251
 4655.3577339             5130.1615585
 4655.3577339             4977.4190051
 4655.3577339             5013.8032908
 4655.3577339             5081.8745547
 4655.3577339             5067.4471391
 4655.3577339             5038.8036609
 4655.3577339             5029.9405322
 4655.3577339             5081.0063470
 4655.3577339             5130.7288465
 4655.3577339             5142.5088240
 4655.3577339             5177.2243071
 4655.3577339             5150.7456242
 4655.3577339             5045.8658879
 4655.3577339             5125.7636686
 4655.3577339             5046.7689728
 4655.3577339             5048.7393158
 4655.3577339             5072.8241565
 4655.3577339             5089.9293108
 4655.3577339             5117.7092755
 4655.3577339             5108.9772250
 4655.3577339             5090.6572670
 4655.3577339             5090.1455619
 4655.3577339             5109.7939903
 4655.3577339             5050.2611434
 4655.3577339             5065.5002707
 4655.3577339             5152.9126915
 4655.3577339             5222.9655087
 4655.3577339             5058.2175807
 4655.3577339             5063.8981890
 4655.3577339             4966.2925327
 4655.3577339             5052.3239558
 4655.3577339             5193.2337174
 4655.3577339             5106.9611705
 4655.3577339             5139.2926738
 4655.3577339             5115.4549892
 4655.3577339             5165.6746049
 4655.3577339             5132.5688300
 4655.3577339             5007.7323880
 4655.3577339             5090.3972428
 4655.3577339             5040.9435850
 4655.3577339             5151.3242361
 4655.3577339             5174.7071011
 4655.3577339             5098.7916138
 4655.3577339             5153.9819100
 4655.3577339             5018.8221678
 4655.3577339             5117.4116098
 4655.3577339             5134.6235780
 4655.3577339             5141.5044115
 4655.3577339             5091.6105557
 4655.3577339             5114.0206522
 4655.3577339             5071.1708799
 4655.3577339             5062.4932199
 4655.3577339             5090.2899092
 4655.3577339             5083.3419467
 4655.3577339             5135.9843830
 4655.3577339             5131.3012297
 4655.3577339             5130.6802901
 4655.3577339             5029.6626898
 4655.3577339             5065.3784942
 4655.3577339             5025.2636142
 4655.3577339             5105.6456088
 4655.3577339             5021.4095967
 4655.3577339             5061.2805806
 4655.3577339             5170.1087409
 4655.3577339             5052.0943231
 4655.3577339             5041.3486944
 4655.3577339             5123.0605712
 4655.3577339             5101.8291350
 4655.3577339             5093.2447099
 4655.3577339             5137.4579198
 4655.3577339             5053.8973176
 4655.3577339             5037.3218421
 4655.3577339             5052.8560033
 4655.3577339             5029.3093161
 4655.3577339             5060.0512002
 4655.3577339             5120.8343216
 4655.3577339             5187.4359132
 4655.3577339             5095.3522096
 4655.3577339             5086.6345148
 4655.3577339             5105.4545317
 4655.3577339             5055.4999960
 4655.3577339             5206.3334478
 4655.3577339             5168.1685816
 4655.3577339             5105.6921716
 4655.3577339             5113.6091788
 4655.3577339             5037.3110689
 4655.3577339             5070.6124619
 4655.3577339             5127.5277718
 4655.3577339             5181.7368344
 4655.3577339             5119.9837161
 4655.3577339             5081.8225317
 4655.3577339             5117.2201436
 4655.3577339             5102.8479552
 4655.3577339             5195.0553676
 4655.3577339             5043.1778067
 4655.3577339             5139.9914737
 4655.3577339             5178.6843135
 4655.3577339             5104.1078068
 4655.3577339             5079.4321842
 4655.3577339             5134.9326777
 4655.3577339             4994.8538328
 4655.3577339             5180.6894915
 4655.3577339             5073.6615601
 4655.3577339             5071.4212370
 4655.3577339             5076.3027002
 4655.3577339             5137.5116798
 4655.3577339             5062.4422522
 4655.3577339             5094.5236183
 4655.3577339             5021.9235377
 4655.3577339             4990.0687079
 4655.3577339             5056.0600530
 4655.3577339             5138.5911472
 4655.3577339             5086.1041918
 4655.3577339             5073.5436373
 4655.3577339             5130.9757378
 4655.3577339             5085.5825195
 4655.3577339             5176.8765256
 4655.3577339             5132.6071190
 4655.3577339             4999.6697644
 4655.3577339             5104.0062000
 4655.3577339             5112.1570172
 4655.3577339             5064.3454733
 4655.3577339             5128.6275598
 4655.3577339             5096.7540125
 4655.3577339             5181.2150875
 4655.3577339             5065.2445233
 4655.3577339             5116.3014968
 4655.3577339             5076.9377927
 4655.3577339             5053.2065344
 4655.3577339             5141.0327932
 4655.3577339             5133.6195002
 4655.3577339             5072.5055844
 4655.3577339             5157.0741145
 4655.3577339             5165.4442845
 4655.3577339             5029.9563029
 4655.3577339             5080.5619486
 4655.3577339             5060.0226904
 4655.3577339             5153.1030827
 4655.3577339             5081.8270325
 4655.3577339             5120.9512793
 4655.3577339             5144.1584917
 4655.3577339             5104.1464812
 4655.3577339             5027.3052749
 4655.3577339             5210.0527239
 4655.3577339             5031.4726560
 4655.3577339             5023.8741462
 4655.3577339             5145.4606271
 4655.3577339             5187.5957820
 4655.3577339             5137.3692756
 4655.3577339             5071.1007681
 4655.3577339             5180.2252837
 4655.3577339             5180.2516191
 4655.3577339             5075.1875707
 4655.3577339             5267.1212645
 4655.3577339             5178.7774504
 4655.3577339             5121.5796945
 4655.3577339             5025.2364263
 4655.3577339             5101.9617939
 4655.3577339             5096.6221429
 4655.3577339             5035.6929566
 4655.3577339             5065.7879788
 4655.3577339             5074.3176896
 4655.3577339             5097.8613319
 4655.3577339             5251.3023322
 4655.3577339             5198.0175399
 4655.3577339             5038.0972678
 4655.3577339             5209.7689647
 4655.3577339             5116.6411457
 4655.3577339             5159.2471929
 4655.3577339             5061.8510966
 4655.3577339             5060.1205864
 4655.3577339             5067.5850741
 4655.3577339             5009.6132606
 4655.3577339             5046.3295107
 4655.3577339             5198.5910001
 4655.3577339             5088.8549212
 4655.3577339             5142.4796065
 4655.3577339             5131.1801982
 4655.3577339             5123.3647138
 4655.3577339             5070.2019241
 4655.3577339             5087.1074007
 4655.3577339             5082.3351360
 4655.3577339             5053.9287900
 4655.3577339             5061.3509777
 4655.3577339             4995.3210687
 4655.3577339             5117.3297996
 4655.3577339             5103.6657652
 4655.3577339             5020.1202620
 4655.3577339             5045.4626577
 4655.3577339             5112.3951533
 4655.3577339             5258.5513107
 4655.3577339             5086.5576392
 4655.3577339             5053.5048865
 4655.3577339             5022.5098175
 4655.3577339             5136.1432955
 4655.3577339             5256.1023622
 4655.3577339             5050.0496195
 4655.3577339             5040.4112745
 4655.3577339             5096.1541712
 4655.3577339             5113.0454989
 4655.3577339             5202.3317929
 4655.3577339             5044.1957883
 4655.3577339             5262.8342103
 4655.3577339             5102.6148678
 4655.3577339             5136.2635444
 4655.3577339             5153.7230857
 4655.3577339             5084.0512570
 4655.3577339             5174.8669539
 4655.3577339             5281.4548265
 4655.3577339             5099.5452876
 4655.3577339             5018.9069138
 4655.3577339             5036.0941254
 4655.3577339             5085.6506535
 4655.3577339             5096.7289018
 4655.3577339             5093.3004239
 4655.3577339             5145.6208414
 4655.3577339             5086.9007580
 4655.3577339             5121.0631246
 4655.3577339             5103.2052665
 4655.3577339             5105.9783249
 4655.3577339             5141.9407641
 4655.3577339             5136.0976155
 4655.3577339             5116.7737157
 4655.3577339             5213.5728497
 4655.3577339             5110.9848521
 4655.3577339             5132.3565484
 4655.3577339             5125.9673281
 4655.3577339             5120.0064261
 4655.3577339             5128.3880149
 4655.3577339             5094.2570182
 4655.3577339             5105.9573691
 4655.3577339             5123.4497521
 4655.3577339             5085.0906130
 4655.3577339             5116.3936696
 4655.3577339             5036.6839765
 4655.3577339             5058.3493254
 4655.3577339             4964.0806804
 4655.3577339             5040.9606999
 4655.3577339             5042.2738275
 4655.3577339             5087.2494396
 4655.3577339             5102.9838397
 4655.3577339             5026.3503214
 4655.3577339             5099.8408564
 4655.3577339             5162.6186700
 4655.3577339             5021.0464973
 4655.3577339             5133.4748115
 4655.3577339             5118.5715090
 4655.3577339             5188.4434858
 4655.3577339             5043.9629560
 4655.3577339             5111.5020960
 4655.3577339             5133.2256469
 4655.3577339             5211.4696214
 4655.3577339             5070.7194847
 4655.3577339             5045.7804447
 4655.3577339             5122.6047608
 4655.3577339             5106.7314800
 4655.3577339             5076.0160875
 4655.3577339             5119.6073842
 4655.3577339             5069.2992338
 4655.3577339             5044.2468172
 4655.3577339             5181.7523716
 4655.3577339             5048.4030608
 4655.3577339             5085.7299735
 4655.3577339             5044.7882238
 4655.3577339             5085.8188108
