COST_FUNCTION:      MEAN_COST_FUNCTION:
 2101.6030642             2431.9602755
 1981.7817613             2432.8479437
 2017.7081679             2426.3304570
 1981.7817613             2434.2569869
 2064.8619544             2427.1715541
 2095.7436510             2428.6643353
 2114.2918767             2431.6827915
 2083.9948555             2429.8915341
 2005.3068598             2433.8252793
 2005.3068598             2426.8865533
 2064.8619544             2423.9982382
  459.3413152              661.1870066
  403.7172353              628.1214974
  391.6845967              671.8784073
  424.0415269              638.9153275
  471.3656942              682.4567628
  403.7172353              646.1418214
  415.9391540              630.5854839
  424.0415269              653.5094283
  391.6845967              628.5081211
  415.9391540              617.7737166
  416.1878856              626.9181995
  286.2509191              538.8511085
  305.1959777              518.1077307
  278.2441671              499.4807223
  297.1874399              543.4480130
  289.9849483              530.2647755
  289.9849483              529.1745248
  290.8259556              510.0022737
  278.2441671              500.6457621
  277.1441664              518.7643757
  277.1441664              510.8361737
  286.2509191              517.7235911
  245.3163368              467.7101080
  234.1445710              474.4141536
  234.1445710              475.0011403
  254.8329092              483.6674050
  229.5705352              459.2543359
  229.5705352              447.9603805
  224.6460896              450.7210134
  245.3163368              466.8335893
  232.6478975              465.3431758
  224.6460896              456.2087996
  247.1271465              466.2610936
  216.0272813              438.4131795
  213.6392843              431.5345089
  213.6392843              435.1976350
  200.1657689              440.3380885
  210.7583470              437.9954780
  200.1657689              430.6692926
  203.0856643              426.7170388
  198.8378997              434.0382204
  210.7583470              427.4857796
  198.8378997              425.8897004
  203.0856643              435.2594514
  175.1912070              406.6787613
  175.4744210              411.5895059
  189.7768039              415.7629545
  185.1228053              407.3047407
  193.4780580              421.9759429
  189.7768039              422.7516221
  188.6775653              405.1440371
  175.4744210              402.8936760
  190.2404593              414.5701496
  175.1912070              397.9339704
  188.6775653              403.2711564
  169.2546609              395.2297151
  169.2546609              391.4885376
  174.2426623              401.1174135
  175.0683580              406.9195574
  165.0942324              404.2964695
  173.4772273              407.4952643
  178.4229795              401.5394300
  173.9663529              401.1347599
  175.0683580              402.9002632
  165.0942324              392.2124183
  173.9663529              398.1786486
  157.7176560              375.4410485
  163.7072287              386.5152197
  160.6300141              385.0590350
  171.1635822              391.8691675
  155.2754105              386.7549855
  163.7072287              382.1493291
  167.0998203              388.4748250
  155.2754105              385.9582296
  162.5472428              392.0926014
  160.7702363              385.1113891
  157.7176560              381.1088766
  147.8819843              378.8102410
  157.3158373              383.2507613
  154.7732491              375.6871931
  157.7460022              377.6366587
  151.7877355              379.3945262
  157.3158373              380.7970905
  147.8819843              369.3954568
  151.7877355              385.4496113
  156.3660709              387.2241456
  154.7732491              379.4930098
  155.6506813              387.6884685
  140.7412254              376.1863105
  144.4637833              371.7644664
  140.7412254              369.2006001
  154.2832450              379.2238136
  143.8181949              379.4728802
  148.8295877              376.6453618
  143.8181949              367.5101123
  146.5720490              382.1782115
  144.4637833              372.1776971
  147.9061803              384.7356992
  148.8295877              372.8282620
  134.4397924              368.3008528
  136.9955230              363.5721483
  139.1708057              371.6631210
  143.6597018              364.3905163
  134.4397924              370.5613192
  145.8879414              364.0652156
  141.6970040              363.7800630
  136.9955230              364.2784478
  141.9618288              372.9265436
  139.1708057              365.7295776
  141.6970040              364.0957437
  131.2056283              357.7134661
  133.1873804              365.7004730
  133.7906024              354.6133091
  136.1414037              359.1465506
  131.2056283              352.2094151
  135.1417046              368.6047322
  133.1873804              364.8070445
  133.6788349              368.3496179
  136.1414037              356.3283007
  135.1417046              356.2642062
  133.6788349              366.0706295
  129.5647443              353.7420451
  131.5497741              365.1279767
  129.5647443              353.1102735
  131.5497741              367.6333111
  124.3445381              351.7106565
  131.0936211              353.1225004
  129.8787528              358.5791647
  130.5589941              356.9362001
  134.0238449              358.3444525
  131.0936211              361.7663498
  124.3445381              354.8364302
  127.3173411              363.6070466
  128.7211240              357.7912652
  123.1482687              349.0858291
  129.5869286              367.2432139
  121.2067329              339.4620726
  128.6812006              354.7424741
  128.7211240              358.2505232
  126.8526492              344.6398887
  128.6812006              363.2123017
  121.2067329              348.4867954
  123.1482687              351.5633668
  126.5382080              365.1100732
  125.7745785              358.6015325
  122.1488323              358.5203055
  122.1488323              359.8417527
  121.0004309              350.7493161
  122.5616577              347.1454427
  126.3278685              354.8445742
  126.3278685              350.0546705
  121.7902757              345.6328328
  120.6580724              351.1890650
  120.6580724              342.5823401
  121.0362218              341.9763524
  121.6681030              348.5529890
  119.7531452              350.1658634
  119.3212780              342.4953387
  119.3212780              346.4946954
  119.6298016              340.4889458
  124.9871438              343.6162459
  117.7617168              348.4996589
  121.0362218              346.0518816
  119.7531452              347.5187764
  117.7617168              343.5171280
  117.3196950              350.9863179
  115.7973418              349.9634168
  115.9634141              366.0898891
  117.0516369              347.7421951
  117.7785043              344.0820441
  117.6529974              340.8653164
  118.7725319              345.9046336
  115.7973418              346.6178804
  121.0362218              346.2770490
  115.9634141              372.6646022
  117.3196950              351.1758445
  116.0097156              354.1762886
  112.6024862              340.6224713
  113.8516680              344.5387061
  114.2649220              339.8454999
  117.2593096              344.4193967
  116.0495775              350.5661059
  112.6024862              345.2441521
  113.8516680              352.6358020
  115.4410469              357.4286980
  115.4410469              347.3545155
  116.8077006              344.1697834
  114.6363327              343.3439730
  111.1237839              337.6379169
  110.6512335              339.6972073
  111.1237839              335.7152605
  114.4391705              341.7686098
  114.8855119              349.8350445
  110.6512335              341.2263093
  113.5651448              344.7220661
  114.3640464              344.5893454
  114.4391705              344.2419062
  116.0495775              349.0904422
  111.3989728              342.6219284
  107.5509261              344.4831859
  109.2323389              342.8387514
  109.2323389              351.8029877
  112.7040836              345.6657980
  114.2004698              347.5119292
  110.4583640              342.7590547
  112.7040836              347.6816613
  114.3640464              348.2033787
  107.5509261              347.9222435
  110.4583640              347.8902187
  108.4091216              342.7203463
  107.7836904              337.0373746
  105.7405088              343.5933532
  108.3225988              341.2797213
  108.3225988              348.4193612
  112.3276165              340.7313393
  108.2766196              345.0765120
  111.7700671              341.0743191
  105.7405088              335.7674160
  108.4091216              335.5220432
  107.7836904              342.8206302
  107.5770026              344.1554529
  108.0250081              340.4056929
  105.1642009              330.4499498
  108.0473156              339.8992112
  107.8629968              330.3183195
  111.0212791              339.3254159
  105.1642009              340.6718829
  105.4825013              340.0492617
  103.1525704              337.2483047
  103.1525704              335.2197958
  107.5770026              339.7940167
  104.0670933              336.8951210
  105.5265775              333.7383259
  103.1525704              335.9207060
  105.1642009              339.2352188
  106.0659948              332.4718135
  100.7458477              328.2352454
  104.0670933              332.5754311
  105.5265775              328.2083627
  100.7458477              328.9278302
  103.1525704              332.0633384
  104.3093681              333.7743706
  104.0670933              335.7002156
  103.1877249              338.4321101
   98.8636888              332.3568779
  103.5903016              327.4505324
  101.6654665              332.9762120
   98.8636888              324.8345953
  104.0670933              331.0013127
  103.1877249              340.1948512
  100.4401463              329.3541972
  103.1525704              330.5158392
  103.5903016              330.8142124
  100.3245045              326.0688679
   97.2751181              325.7346836
   99.2495474              324.6213907
  101.4351883              333.4915958
  101.4112078              340.6077462
   97.2751181              323.9965350
  101.4351883              335.3542594
   99.2495474              321.6588915
  100.3245045              329.5197568
  102.7118787              337.6249172
  103.0430606              333.2147991
  100.3042369              335.2479975
   97.8699613              319.5944817
   98.9988963              326.0089817
   98.9988963              325.6301940
   97.9764158              326.6212649
   97.8699613              336.1308264
  100.0041211              337.5505339
   99.2495474              322.9376964
   99.2495474              319.6787501
  100.5941330              334.2937346
  100.3042369              334.2167117
  100.3042369              327.4873632
   97.0427420              323.6185987
   96.3088246              321.5978976
   98.5268324              323.9077324
   97.5175667              329.1779007
   97.5175667              325.9368912
   97.7166835              320.6554573
   96.3088246              323.0176463
   98.5268324              336.7174578
   97.7166835              325.7066255
   98.6265294              336.1974181
   97.0427420              329.1121605
   96.2056422              322.9119961
   93.2067393              327.6975469
   98.2064490              324.4032148
   96.2056422              329.3763834
   96.9016453              327.1148963
   96.3088246              324.5685997
   93.2067393              325.0712041
   98.3722928              320.0676133
   97.4518697              327.3880304
   98.3871369              326.6481116
   96.7196432              334.1371230
   95.7380052              323.1977511
   92.2821823              320.7104414
   96.0979825              322.8240177
   95.7380052              327.4151182
   96.9016453              325.4915133
   95.2425211              324.3692665
   92.6191028              328.4778065
   94.5070100              318.2919845
   92.2821823              324.0255597
   94.5070100              319.6250684
   94.3023738              320.2406244
   94.3023738              319.3058988
   91.4316427              326.2874980
   92.4816364              320.2285783
   92.4816364              311.2468201
   95.6533700              312.3896302
   95.1545497              320.0949986
   91.5196589              321.3097478
   90.5644549              323.8389038
   90.5644549              323.4059763
   91.5196589              322.2975525
   91.8491734              320.1240448
   90.4601600              315.5629695
   90.5644549              317.5830829
   90.4601600              320.4958296
   92.3626772              317.1991733
   92.3626772              322.8124683
   90.5644549              324.7764387
   91.8491734              314.3276389
   90.5644549              323.9498043
   90.5644549              323.8330498
   92.3745258              321.6860638
   91.8491734              326.5668093
   90.4601600              311.2320897
   88.8574829              320.7755977
   90.3537056              323.4232724
   91.8118727              322.5882340
   88.8574829              315.4431692
   90.5644549              322.6224024
   90.3537056              322.4092340
   90.4580005              327.4580751
   92.1402715              321.8349032
   90.4601600              316.8682963
   90.3537056              318.3692000
   90.3720593              323.2083686
   88.2170499              315.9012663
   89.5971976              312.4427065
   90.9295518              320.8934520
   89.6878722              317.4152854
   89.6878722              319.8621243
   90.3537056              322.3466038
   89.8451507              314.9665404
   90.3537056              313.1074680
   88.2170499              319.8643557
   89.2993374              319.9013352
   90.3720593              318.9032441
   88.5150856              319.1424852
   89.6878722              314.3997423
   89.9290536              319.5311320
   89.6878722              321.5671366
   89.2993374              321.4375006
   88.6644897              318.4623636
   89.6027329              317.0088965
   90.3537056              318.0907558
   88.5150856              307.9705489
   88.6517316              317.2869836
   88.6095951              310.6660988
   88.6517316              320.0182881
   88.6517316              316.6655395
   88.7349194              325.3464747
   89.6027329              327.9121553
   88.6095951              320.1433928
   88.7349194              320.0303662
   88.9835869              323.6562109
   90.0901127              316.0664060
   88.6517316              314.6769281
   88.4206664              319.8936574
   88.0700845              322.8886562
   88.6517316              324.1155814
   87.8225452              324.5560141
   88.4206664              311.7045155
   88.7349194              313.7125808
   87.8225452              323.0091693
   88.3359257              328.3319646
   88.0862814              327.7462379
   87.9324274              318.0625814
   87.9324274              309.5183503
   85.2940782              312.7087974
   87.5562043              314.3988967
   88.6517316              315.4980103
   87.5562043              314.3790330
   87.8220102              312.2473921
   88.0700845              312.6404693
   87.7463558              310.4049525
   85.2940782              319.8383607
   88.0862814              319.2851180
   87.9324274              311.7690351
   87.7463558              320.3428210
   85.1784364              309.7720784
   86.7913966              313.2337482
   86.7913966              316.0354020
   87.3350584              313.5631268
   86.5513907              310.5258327
   85.2940782              315.9958634
   87.7463558              318.2225051
   85.2940782              312.3557581
   87.9324274              318.9667151
   85.1784364              315.2259829
   87.7463558              317.4154772
   85.1784364              306.8260513
   86.7913966              322.1610584
   86.3688534              319.2075833
   87.3002123              317.8167708
   85.2708211              314.1329963
   85.2940782              320.2811864
   85.1733156              315.4357833
   85.2708211              311.6277279
   86.3688534              313.3707832
   85.1733156              313.6375540
   85.2940782              313.6754110
   85.1784364              315.4863058
   85.1440990              314.2236137
   85.1784364              307.4067940
   84.9896069              316.1103565
   85.1440990              312.8001339
   85.2940782              313.9199346
   85.1733156              311.6289070
   85.2708211              312.9247076
   85.2940782              314.1537269
   84.9896069              307.9699402
   85.2940782              313.6202540
   85.1784364              310.1904490
   85.0284572              314.9496606
   84.1315442              311.6682227
   84.8117416              308.8836544
   85.1440990              312.2379343
   84.9359276              308.2284808
   84.9359276              313.9472587
   84.9896069              317.6178156
   85.0284572              315.0748459
   84.1315442              314.2667410
   84.8117416              308.0213352
   84.8117416              314.2354696
   85.0284572              319.9533391
   84.1315442              308.6629467
   84.1315442              316.2873108
   84.9359276              312.0988105
   84.7522189              312.6548626
   84.8082790              306.2252015
   84.7522189              316.2073870
   84.2993260              316.6736694
   84.1315442              312.9559101
   84.1315442              314.8120462
   83.6832583              314.2673899
   84.1315442              313.3775034
   84.1315442              313.6349678
   84.1315442              312.3809062
   84.1315442              303.6309232
   83.4815995              312.7115751
   84.1315442              314.3002004
   83.4815995              314.0337384
   84.2993260              313.8355310
   84.1315442              309.6888777
   84.1315442              312.9499311
   84.1315442              312.4101713
   83.4815995              318.2606434
   83.4815995              309.4961655
   84.1315442              313.7088882
   84.1315442              316.9248664
   83.4815995              311.5435838
   84.1315442              317.3131138
   83.4815995              314.6836205
   84.1315442              311.7029661
   84.1315442              312.2118428
   84.1315442              317.4107460
   84.0132382              312.7828342
   83.4815995              311.2571629
   83.4815995              325.0605655
   83.7890809              314.3804106
   83.4815995              318.3842942
   83.4815995              316.6501763
   83.7890809              316.7725260
   83.4815995              317.9692917
   83.4122400              317.4402063
   83.4122400              315.3937710
   83.4815995              312.4059332
   82.4311255              318.5299711
   83.0322765              312.2522427
   83.3176124              311.0547488
   83.7890809              317.5051884
   83.4815995              321.8846514
   83.4283449              315.5494538
   82.4311255              313.5555210
   83.3176124              308.9006353
   83.4815995              309.8316695
   83.4283449              307.6967363
   83.0322765              307.7770033
   83.4815995              309.5382499
   82.4091978              315.2532374
   82.7136649              314.9761804
   83.4283449              313.0052713
   83.4129079              315.3026229
   83.4283449              310.4527012
   83.0322765              311.7904584
   83.4129079              313.3408789
   82.4091978              311.0699250
   83.3218905              311.2153794
   83.0322765              310.8732971
   82.9988345              310.9383460
   81.8987107              313.0637702
   82.7136649              306.3419900
   83.0322765              311.9281508
   83.4129079              319.5251002
   80.5468497              313.8367754
   81.8987107              311.0965047
   82.6936038              319.6210255
   80.5468497              308.7674558
   82.6936038              316.4330532
   83.0322765              305.7018822
   82.5948018              312.9925626
   81.8987107              309.7346561
   82.7136649              304.5486266
   81.7733627              315.9296363
   81.8987107              311.0912403
   81.7733627              313.8692278
   81.8987107              311.5199517
   82.6936038              314.2257933
   82.5948018              315.2701777
   81.8987107              314.0899629
   82.6936038              306.6100910
   81.8987107              300.0093865
   82.6936038              320.2293792
   81.7733627              311.3632137
   81.7733627              307.4828418
   81.8987107              300.6100136
   81.7733627              304.2097600
   81.8987107              306.0921640
   81.8987107              306.6899465
   81.8274370              307.5151136
   81.8274370              316.8120299
   81.7733627              319.7927100
   81.8274370              312.7131981
   82.4836256              321.4836168
   81.7733627              308.4339025
   81.4421598              311.5245059
   81.4421598              315.4178847
   81.8987107              322.8435613
   81.8274370              318.0548649
   81.8819765              314.9774689
   81.7733627              314.1659135
   81.8274370              315.0052040
   81.7733627              318.4127292
   81.8274370              306.9212630
   81.7733627              307.0915755
   81.6942677              308.8383962
   80.7228556              310.2254512
   81.3708860              311.5584436
   81.8274370              305.8080202
   80.7228556              306.0931981
   81.1140419              313.2902494
   81.3708860              314.3117180
   81.6942677              310.5020703
   81.1140419              308.7429769
   81.3590012              315.7175591
   81.6942677              316.4286433
   81.1140419              315.3602314
   81.3708860              305.6162357
   81.1140419              314.6313060
   81.4421598              307.0063232
   81.4421598              311.0012518
   81.1140419              308.2190367
   81.3590012              314.1939652
   81.3708860              316.7568477
   81.1140419              314.2451508
   81.1140419              309.4108129
   81.3590012              310.7131592
   79.0825539              304.0746843
   81.3708860              314.7465461
   81.0946450              312.0631286
   81.4421598              318.5216476
   81.4421598              316.4729972
   81.1140419              316.5030558
   81.1140419              314.4205706
   81.0946450              312.1898973
   79.0825539              308.7749294
   81.1140419              303.6150359
   81.1140419              308.5477011
   81.0118037              303.4084959
   81.1140419              304.0922133
   80.6024804              313.6208271
   80.6024804              309.7388984
   81.0118037              304.1406969
   81.1140419              309.6180138
   81.1140419              308.3121186
   81.1140419              307.9761044
   81.1140419              310.7530524
   81.0937743              311.9697256
   81.1140419              317.2941575
   79.2883026              312.0910561
   81.1140419              320.0276595
   80.4402602              306.2564664
   80.5516259              315.6238729
   79.2883026              300.2937635
   80.6024804              317.0065321
   81.0937743              317.1985201
   81.1140419              311.5515081
   81.1140419              313.7009141
   80.9782099              306.3567229
   81.1140419              305.5887009
   79.2883026              311.2323911
   80.6024804              302.4575605
   80.1525935              309.2562337
   79.2883026              302.1734209
   78.6405316              308.3351377
   79.6566621              305.7784319
   78.6405316              313.1071704
   81.1140419              310.3263272
   81.0937743              312.7469229
   79.2883026              310.8435016
   81.0937743              305.6311098
   78.1767596              314.8482950
   80.0475492              311.0765145
   80.0475492              302.9244747
   79.2883026              310.3330352
   80.6024804              316.5648889
   78.1767596              313.8606086
   77.8439138              317.9004836
   81.1140419              310.9858076
   77.8439138              311.2126046
   78.1767596              310.9560919
   80.0475492              319.0444508
   78.1767596              303.3166109
   80.0475492              312.5821756
   79.2883026              308.6483205
   78.1767596              306.8810291
   79.6437364              316.8344100
   78.1767596              308.3449669
   78.8438305              306.4709832
   78.8438305              302.9002073
   78.8438305              304.6620215
   78.1767596              312.8594187
   77.9358353              315.9157646
   77.9358353              309.7312294
   78.1564919              307.9516627
   78.1767596              308.0932274
   78.1767596              300.5551778
   78.1767596              308.6494646
   78.1564919              303.6068831
   77.7872992              310.9787011
   77.7872992              304.1328317
   78.8438305              312.4837558
   78.1564919              316.0121154
   77.8293809              315.3931056
   77.9358353              308.7395447
   77.8293809              317.1028054
   78.1767596              308.0673097
   78.0703052              304.2807801
   78.1564919              303.0672720
   78.1564919              307.0163777
   77.9672479              303.3675153
   77.9932910              303.5896075
   77.9672479              306.9026975
   78.1564919              310.1075826
   77.6440363              304.6732922
   77.4466303              311.3718985
   77.8310708              308.1361949
   78.0500375              302.6111507
   77.6440363              301.9529769
   78.1564919              312.1986734
   77.9228612              304.6326280
   78.0320757              311.8391310
   77.4466303              310.7036597
   77.9228612              302.0570832
   77.9244159              299.7632809
   77.5196200              304.1821588
   76.8781627              308.7604750
   76.8781627              312.4881108
   77.5196200              310.4976596
   77.4002095              303.7761383
   77.9228612              299.6320322
   77.5230140              312.0521924
   77.6440363              300.0450901
   77.4466303              310.4626886
   77.9228612              304.8307160
   76.8781627              304.0757503
   77.5196200              303.2558079
   76.8781627              306.7130662
   76.8521196              309.5866321
   73.8429879              322.4835234
   77.4002095              319.9531591
   77.5230140              300.9573052
   77.5196200              310.5131610
   73.8429879              312.7535753
   77.3762005              303.1905068
   76.8521196              315.8039965
   76.8781627              315.1782433
   77.4002095              302.9713359
   76.8781627              301.9306552
   76.1042909              303.9546761
   76.5215128              303.7839884
   76.1042909              307.5031520
   76.5215128              306.4946564
   77.3222140              303.3429623
   77.5196200              310.5266992
   76.0127495              306.8583303
   76.0127495              311.2001455
   76.8781627              309.5068327
   76.8781627              305.7455710
   76.0127495              308.1688554
   76.1042909              302.3400512
   76.0127495              299.8396148
   75.2468054              300.1277738
   76.5215128              318.3657043
   76.8781627              315.6075716
   76.1042909              306.2872669
   76.0127495              303.6859899
   75.2468054              297.6757804
   76.0127495              307.8962048
   76.8781627              313.4668081
   74.8058285              308.1722135
   76.0018257              307.8631936
   76.0018257              310.8284629
   76.1042909              296.7935283
   76.3575257              314.3542653
   76.0127495              298.5342561
   74.8058285              309.8822289
   76.0127495              314.1487667
   76.0127495              305.2794046
   74.8058285              303.6134938
   76.0018257              301.6482119
   74.8058285              312.3478150
   76.0018257              298.3779849
   76.0018257              304.3237022
   76.1042909              305.3754870
   76.0127495              302.1779741
   76.0127495              307.1170874
   74.8058285              314.7745179
   76.0127495              305.4569465
   76.0018257              304.3041415
   74.5507400              297.1411908
   76.0018257              308.4603858
   74.8058285              304.9946214
   76.0018257              306.5146167
   76.0018257              304.8175514
   74.8058285              303.4928978
   76.0018257              306.5283843
   74.8058285              303.2042639
   74.8058285              297.3176976
   72.5439908              301.6305905
   72.5439908              297.8309375
   74.5507400              306.8466345
   74.8058285              296.5683532
   74.4170549              298.7839184
   76.0018257              305.5508916
   76.0018257              303.1419337
   74.8058285              302.5068460
   74.5507400              305.8258278
   74.8058285              295.2820640
   74.8058285              306.3043229
   74.8058285              303.3551439
   74.4170549              302.4767735
   74.5507400              312.4458738
   74.8058285              303.5739274
   74.5507400              307.3902296
   74.8058285              308.5103446
   74.8058285              297.9354404
   74.5507400              304.5841678
   74.5507400              304.6327372
   74.5507400              303.6636511
   74.5507400              301.3444783
   74.8058285              302.7770603
   74.5507400              301.5885775
   74.5507400              297.2848812
   74.0679750              301.3969724
   74.5507400              302.7829400
   74.4900179              302.8890014
   74.5507400              304.9763897
   74.5507400              311.5583375
   74.0679750              301.3556380
   74.4803102              300.2353704
   74.5507400              304.7066004
   74.5507400              291.1984056
   74.4803102              304.2583653
   74.5507400              313.5966411
   74.4170549              299.2761984
   74.4900179              314.2145921
   74.4900179              307.0149055
   73.6932546              302.8855615
   74.5507400              312.2549701
   73.6932546              311.6098123
   74.4195881              309.6728139
   74.4170549              301.6548340
   74.5507400              304.9821567
   73.9295057              306.5638040
   73.9295057              300.8113380
   74.4195881              310.1893928
   74.4900179              289.6453241
   74.4195881              295.2512586
   74.5507400              301.3673465
   74.4195881              306.0226765
   73.9295057              300.6160257
   74.4195881              307.3810827
   74.2238889              300.2151947
   74.2238889              299.4664788
   73.9295057              305.4064828
   72.8193362              301.3030873
   74.2238889              305.7139666
   74.4195881              305.2622112
   74.4195881              301.7313840
   73.9295057              307.7412379
   74.4195881              303.2097841
   73.9295057              302.9802251
   74.4195881              304.4576530
   74.2238889              305.6575206
   73.9295057              310.8914307
   72.8193362              301.6559588
   72.8193362              295.2684113
   74.1631668              312.0764051
   72.8193362              299.6408574
   74.4195881              306.8150612
   73.9295057              300.0177768
   73.9295057              312.0857604
   73.9295057              309.3593844
   72.8193362              304.4772432
   74.2238889              301.5329935
   73.9295057              304.7066279
   72.8193362              306.5044370
   72.8193362              302.0939975
   73.8937590              302.8538031
   72.7586140              294.2704098
   72.8193362              306.6232625
   74.4195881              299.5936876
   72.7586140              298.9655449
   73.9295057              305.9535036
   72.8193362              307.8874956
   72.8193362              306.7457199
   72.8193362              297.5283577
   72.8193362              304.4850118
   70.4525563              301.4171221
   70.4525563              304.8944600
   72.7586140              304.5136288
   72.8193362              295.8299509
   72.8193362              298.5044699
   72.7586140              297.2433712
   72.7586140              294.9742773
   72.8193362              308.2250842
   72.7586140              304.9421797
   72.8193362              302.1216007
   72.8193362              301.8745913
   72.7586140              299.1318620
   72.7586140              298.6483004
   72.7586140              309.9299002
   72.8193362              303.8850530
   72.7586140              299.2614298
   72.7586140              300.5642582
   72.7586140              306.3771724
   72.8193362              304.0340856
   72.7586140              296.6590788
   72.8193362              304.8488587
   72.8193362              303.1601669
   72.7586140              300.8837729
   72.7586140              302.3165671
   72.7586140              299.7074323
   72.7586140              298.0628256
   72.7586140              300.8531285
   70.2966689              297.5224013
   72.7586140              311.3414234
   70.2966689              299.0164256
   72.7586140              298.9669383
   72.7586140              316.0417159
   72.8193362              314.1868929
   72.7586140              302.5117773
   72.7586140              297.0091815
   69.5006810              298.1942624
   69.5006810              303.2412349
   72.7586140              305.1810860
   72.4462789              305.4968391
   72.7586140              308.6613291
   72.7586140              292.9493444
   72.7586140              304.4347739
   72.4462789              304.0299487
   72.7586140              301.8674696
   72.7586140              302.0469401
   71.7529737              302.4376659
   69.5006810              296.0846147
   69.5006810              289.6619566
   72.4462789              305.7966094
   72.4462789              300.1728612
   72.4462789              300.5121315
   69.5006810              298.3865419
   72.7586140              303.1753856
   72.4462789              302.5487881
   69.5006810              296.4252676
   69.5006810              296.3797650
   69.5006810              294.8697479
   69.5006810              295.8507258
   69.5006810              299.0948588
   72.3675701              301.2145708
   69.3525260              299.3624854
   71.5887935              296.7558817
   69.3525260              295.9487738
   71.5887935              298.6457507
   72.3675701              304.3021792
   69.5006810              294.2861684
   69.3525260              296.3537123
   69.3525260              307.4767365
   69.5006810              299.4729671
   69.5006810              294.4267668
   69.5006810              297.0837936
   69.3525260              295.7892765
   71.5887935              300.4981887
   69.3525260              302.4091688
   69.5006810              296.7467473
   69.3525260              298.3531018
   69.5006810              300.0237566
   69.3525260              298.7990784
   69.3525260              292.3387812
   68.1782847              302.9214751
   69.3525260              302.8364988
   69.3525260              291.5708022
   69.3525260              298.0394898
   69.5006810              304.0225258
   69.3525260              299.9254932
   69.5006810              293.9187302
   68.1782847              304.6995894
   69.3525260              290.1486402
   69.3525260              296.9505676
   68.1782847              290.5105972
   68.1782847              300.1641157
   69.3167793              292.4280656
   68.1782847              302.3606697
   69.3525260              300.9662471
   68.3308604              295.9899633
   69.3525260              291.0825858
   68.3308604              294.4778843
   68.1782847              297.7565286
   69.3525260              298.2230944
   68.4826732              295.6930283
   67.7595856              292.2812407
   68.1425379              300.9432439
   68.3308604              294.8619128
   67.7595856              295.6967730
   69.3525260              299.6488382
   68.1782847              297.1090322
   68.1782847              298.0519001
   68.3308604              299.9615360
   68.1782847              301.1790992
   69.3525260              295.7739746
   68.1425379              294.6461447
   67.7595856              302.6813029
   67.7595856              294.0140056
   68.1782847              293.0468823
   67.7595856              292.9686378
   68.3015343              300.8009279
   68.1782847              293.1627012
   68.1782847              297.1589410
   67.7491506              306.3223120
   67.7491506              303.4162965
   69.3525260              295.8363416
   67.7595856              296.4842573
   67.7595856              293.7879630
   67.7595856              295.0101210
   68.0445996              294.6432937
   67.7595856              295.7816573
   68.1782847              302.4110981
   67.7491506              297.2775474
   68.0445996              299.6340539
   67.7491506              299.5426375
   67.7491506              295.8431564
   68.1425379              301.7387046
   67.7491506              298.0991954
   67.7491506              285.1459377
   67.7595856              291.8931364
   67.7491506              294.2537162
   67.7595856              289.7358861
   67.7595856              290.7735502
   67.7491506              295.2682485
   67.7595856              303.0425637
   67.7491506              306.8497655
   67.7491506              297.8085575
   68.1425379              290.7469791
   67.7302595              291.5590760
   67.7491506              298.9104385
   67.7491506              300.8781489
   67.7491506              286.5463311
   67.7491506              300.8120212
   67.7302595              298.5813269
   67.7491506              297.6880504
   67.7491506              299.7844496
   67.7491506              304.0450670
   67.7491506              297.2323028
   67.7491506              295.0109578
   66.1551259              295.9324189
   67.7302595              302.7110853
   67.7491506              294.7970791
   67.7491506              296.8374720
   67.7491506              321.7297940
   67.7302595              291.8237487
   67.7491506              291.7491815
   67.7491506              292.7154424
   67.7491506              295.8235138
   66.1551259              297.4729438
   67.7491506              311.3127056
   67.7302595              296.1305470
   66.9623249              294.1905895
   67.7491506              289.9652338
   67.7491506              289.0173013
   67.7302595              298.0156194
   67.7302595              295.2932593
   66.9623249              287.9522711
   67.7491506              286.6135055
   67.7491506              295.6400372
   67.7302595              288.3457104
   67.7302595              284.4562729
   67.7302595              304.1939701
   67.7302595              302.3287922
   67.7491506              295.0365338
   67.7302595              302.3588488
   67.7302595              292.9609564
   67.7302595              296.2190797
   67.7302595              292.3794799
   67.7302595              294.1169395
   67.7302595              299.5974190
   67.7302595              299.5975080
   67.7302595              297.3894660
   67.7302595              296.6396137
   67.7302595              295.0123969
   67.7302595              299.5775697
   67.7302595              294.7159073
   67.7302595              299.7581550
   67.7302595              295.4146674
   67.7302595              295.8279834
   67.7302595              297.1461031
   67.7302595              295.9465208
   67.7302595              300.3055039
   67.7302595              298.5566793
   67.7302595              293.2700454
   67.7302595              294.0162467
   67.7302595              305.0744297
   67.7302595              296.9748793
   67.7302595              292.3474191
   67.7302595              296.0228276
   67.7302595              303.2798092
   67.7302595              307.8149276
   67.7302595              299.0810990
   67.7302595              292.6225440
   67.7302595              305.1540874
   67.7302595              297.7097728
   67.7302595              286.9712571
   67.7302595              300.4016767
   67.7302595              300.4378171
   67.7302595              292.5948659
   67.6945127              295.8540843
   67.7302595              291.2102439
   67.7302595              292.7682550
   67.7302595              295.3359520
   67.7302595              295.1166168
   67.6945127              297.7567276
   67.7302595              291.4122209
   67.7302595              299.3122814
   67.6945127              297.7675435
   67.7302595              293.1268372
   67.7167740              301.8455374
   67.6945127              295.2143037
   67.7167740              302.8467695
   67.6945127              298.5435828
   67.7302595              297.7528842
   67.7302595              296.5474457
   67.6945127              296.3184578
   67.7302595              295.3385544
   67.6945127              304.2206461
   67.6945127              305.6235089
   67.7302595              302.1158967
   67.6945127              305.0832437
   67.6945127              302.0859109
   67.7167740              298.2719775
   67.6945127              300.9515059
   67.6945127              298.6549041
   67.7167740              297.1429008
   67.6945127              298.9654993
   67.6945127              303.2181692
   67.6945127              299.4732205
   67.6945127              289.0450112
   67.6945127              305.2241808
   67.6945127              300.8726316
   67.6945127              293.7690672
   67.7167740              295.7491174
   67.6945127              292.9874437
   67.6945127              288.8271765
   67.6945127              294.0928240
   67.6945127              288.9981914
